# JRE version: OpenJDK Runtime Environment (8.0_242-b01) (build 1.8.0_242-release-1644-b01)
# Java VM: OpenJDK 64-Bit Server VM (25.242-b01 mixed mode windows-amd64 compressed oops)
Heap:
 PSYoungGen      total 336896K, used 70580K [0x00000000e0000000, 0x00000000f6900000, 0x0000000100000000)
  eden space 316416K, 22% used [0x00000000e0000000,0x00000000e44ed398,0x00000000f3500000)
  from space 20480K, 0% used [0x00000000f3500000,0x00000000f3500000,0x00000000f4900000)
  to   space 19968K, 0% used [0x00000000f4900000,0x00000000f4900000,0x00000000f5c80000)
 ParOldGen       total 50176K, used 35265K [0x00000000a0000000, 0x00000000a3100000, 0x00000000e0000000)
  object space 50176K, 70% used [0x00000000a0000000,0x00000000a22707f8,0x00000000a3100000)
 Metaspace       used 60758K, capacity 62816K, committed 63152K, reserved 1103872K
  class space    used 7763K, capacity 8236K, committed 8368K, reserved 1048576K
GC Heap History (10 events):
Event: 196.829 GC heap before
{Heap before GC invocations=18 (full 2):
 PSYoungGen      total 289280K, used 285353K [0x00000000e0000000, 0x00000000f4c80000, 0x0000000100000000)
  eden space 273408K, 100% used [0x00000000e0000000,0x00000000f0b00000,0x00000000f0b00000)
  from space 15872K, 75% used [0x00000000f0b00000,0x00000000f16aa780,0x00000000f1a80000)
  to   space 16896K, 0% used [0x00000000f3c00000,0x00000000f3c00000,0x00000000f4c80000)
 ParOldGen       total 50176K, used 16544K [0x00000000a0000000, 0x00000000a3100000, 0x00000000e0000000)
  object space 50176K, 32% used [0x00000000a0000000,0x00000000a1028070,0x00000000a3100000)
 Metaspace       used 48226K, capacity 49742K, committed 50096K, reserved 1093632K
  class space    used 6139K, capacity 6504K, committed 6576K, reserved 1048576K
Event: 196.932 GC heap after
Heap after GC invocations=18 (full 2):
 PSYoungGen      total 313344K, used 11502K [0x00000000e0000000, 0x00000000f4880000, 0x0000000100000000)
  eden space 300544K, 0% used [0x00000000e0000000,0x00000000e0000000,0x00000000f2580000)
  from space 12800K, 89% used [0x00000000f3c00000,0x00000000f473b940,0x00000000f4880000)
  to   space 17920K, 0% used [0x00000000f2580000,0x00000000f2580000,0x00000000f3700000)
 ParOldGen       total 50176K, used 16552K [0x00000000a0000000, 0x00000000a3100000, 0x00000000e0000000)
  object space 50176K, 32% used [0x00000000a0000000,0x00000000a102a070,0x00000000a3100000)
 Metaspace       used 48226K, capacity 49742K, committed 50096K, reserved 1093632K
  class space    used 6139K, capacity 6504K, committed 6576K, reserved 1048576K
}
Event: 211.220 GC heap before
{Heap before GC invocations=19 (full 2):
 PSYoungGen      total 313344K, used 312046K [0x00000000e0000000, 0x00000000f4880000, 0x0000000100000000)
  eden space 300544K, 100% used [0x00000000e0000000,0x00000000f2580000,0x00000000f2580000)
  from space 12800K, 89% used [0x00000000f3c00000,0x00000000f473b940,0x00000000f4880000)
  to   space 17920K, 0% used [0x00000000f2580000,0x00000000f2580000,0x00000000f3700000)
 ParOldGen       total 50176K, used 16552K [0x00000000a0000000, 0x00000000a3100000, 0x00000000e0000000)
  object space 50176K, 32% used [0x00000000a0000000,0x00000000a102a070,0x00000000a3100000)
 Metaspace       used 48253K, capacity 49806K, committed 50096K, reserved 1093632K
  class space    used 6139K, capacity 6504K, committed 6576K, reserved 1048576K
Event: 211.241 GC heap after
Heap after GC invocations=19 (full 2):
 PSYoungGen      total 318464K, used 16360K [0x00000000e0000000, 0x00000000f5c80000, 0x0000000100000000)
  eden space 300544K, 0% used [0x00000000e0000000,0x00000000e0000000,0x00000000f2580000)
  from space 17920K, 91% used [0x00000000f2580000,0x00000000f357a350,0x00000000f3700000)
  to   space 19968K, 0% used [0x00000000f4900000,0x00000000f4900000,0x00000000f5c80000)
 ParOldGen       total 50176K, used 16560K [0x00000000a0000000, 0x00000000a3100000, 0x00000000e0000000)
  object space 50176K, 33% used [0x00000000a0000000,0x00000000a102c070,0x00000000a3100000)
 Metaspace       used 48253K, capacity 49806K, committed 50096K, reserved 1093632K
  class space    used 6139K, capacity 6504K, committed 6576K, reserved 1048576K
}
Event: 214.361 GC heap before
{Heap before GC invocations=20 (full 2):
 PSYoungGen      total 318464K, used 316904K [0x00000000e0000000, 0x00000000f5c80000, 0x0000000100000000)
  eden space 300544K, 100% used [0x00000000e0000000,0x00000000f2580000,0x00000000f2580000)
  from space 17920K, 91% used [0x00000000f2580000,0x00000000f357a350,0x00000000f3700000)
  to   space 19968K, 0% used [0x00000000f4900000,0x00000000f4900000,0x00000000f5c80000)
 ParOldGen       total 50176K, used 16560K [0x00000000a0000000, 0x00000000a3100000, 0x00000000e0000000)
  object space 50176K, 33% used [0x00000000a0000000,0x00000000a102c070,0x00000000a3100000)
 Metaspace       used 48619K, capacity 50336K, committed 50480K, reserved 1093632K
  class space    used 6203K, capacity 6628K, committed 6704K, reserved 1048576K
Event: 214.444 GC heap after
Heap after GC invocations=20 (full 2):
 PSYoungGen      total 336384K, used 12455K [0x00000000e0000000, 0x00000000f6900000, 0x0000000100000000)
  eden space 316416K, 0% used [0x00000000e0000000,0x00000000e0000000,0x00000000f3500000)
  from space 19968K, 62% used [0x00000000f4900000,0x00000000f5529e50,0x00000000f5c80000)
  to   space 20480K, 0% used [0x00000000f3500000,0x00000000f3500000,0x00000000f4900000)
 ParOldGen       total 50176K, used 16568K [0x00000000a0000000, 0x00000000a3100000, 0x00000000e0000000)
  object space 50176K, 33% used [0x00000000a0000000,0x00000000a102e070,0x00000000a3100000)
 Metaspace       used 48619K, capacity 50336K, committed 50480K, reserved 1093632K
  class space    used 6203K, capacity 6628K, committed 6704K, reserved 1048576K
}
Event: 218.028 GC heap before
{Heap before GC invocations=21 (full 2):
 PSYoungGen      total 336384K, used 106520K [0x00000000e0000000, 0x00000000f6900000, 0x0000000100000000)
  eden space 316416K, 29% used [0x00000000e0000000,0x00000000e5bdc480,0x00000000f3500000)
  from space 19968K, 62% used [0x00000000f4900000,0x00000000f5529e50,0x00000000f5c80000)
  to   space 20480K, 0% used [0x00000000f3500000,0x00000000f3500000,0x00000000f4900000)
 ParOldGen       total 50176K, used 16568K [0x00000000a0000000, 0x00000000a3100000, 0x00000000e0000000)
  object space 50176K, 33% used [0x00000000a0000000,0x00000000a102e070,0x00000000a3100000)
 Metaspace       used 57034K, capacity 58976K, committed 59160K, reserved 1101824K
  class space    used 7280K, capacity 7736K, committed 7856K, reserved 1048576K
Event: 218.098 GC heap after
Heap after GC invocations=21 (full 2):
 PSYoungGen      total 336896K, used 20469K [0x00000000e0000000, 0x00000000f6900000, 0x0000000100000000)
  eden space 316416K, 0% used [0x00000000e0000000,0x00000000e0000000,0x00000000f3500000)
  from space 20480K, 99% used [0x00000000f3500000,0x00000000f48fd7e0,0x00000000f4900000)
  to   space 19968K, 0% used [0x00000000f4900000,0x00000000f4900000,0x00000000f5c80000)
 ParOldGen       total 50176K, used 19059K [0x00000000a0000000, 0x00000000a3100000, 0x00000000e0000000)
  object space 50176K, 37% used [0x00000000a0000000,0x00000000a129cc60,0x00000000a3100000)
 Metaspace       used 57034K, capacity 58976K, committed 59160K, reserved 1101824K
  class space    used 7280K, capacity 7736K, committed 7856K, reserved 1048576K
}
Event: 218.099 GC heap before
{Heap before GC invocations=22 (full 3):
 PSYoungGen      total 336896K, used 20469K [0x00000000e0000000, 0x00000000f6900000, 0x0000000100000000)
  eden space 316416K, 0% used [0x00000000e0000000,0x00000000e0000000,0x00000000f3500000)
  from space 20480K, 99% used [0x00000000f3500000,0x00000000f48fd7e0,0x00000000f4900000)
  to   space 19968K, 0% used [0x00000000f4900000,0x00000000f4900000,0x00000000f5c80000)
 ParOldGen       total 50176K, used 19059K [0x00000000a0000000, 0x00000000a3100000, 0x00000000e0000000)
  object space 50176K, 37% used [0x00000000a0000000,0x00000000a129cc60,0x00000000a3100000)
 Metaspace       used 57034K, capacity 58976K, committed 59160K, reserved 1101824K
  class space    used 7280K, capacity 7736K, committed 7856K, reserved 1048576K
Event: 219.795 GC heap after
Heap after GC invocations=22 (full 3):
 PSYoungGen      total 336896K, used 0K [0x00000000e0000000, 0x00000000f6900000, 0x0000000100000000)
  eden space 316416K, 0% used [0x00000000e0000000,0x00000000e0000000,0x00000000f3500000)
  from space 20480K, 0% used [0x00000000f3500000,0x00000000f3500000,0x00000000f4900000)
  to   space 19968K, 0% used [0x00000000f4900000,0x00000000f4900000,0x00000000f5c80000)
 ParOldGen       total 50176K, used 35265K [0x00000000a0000000, 0x00000000a3100000, 0x00000000e0000000)
  object space 50176K, 70% used [0x00000000a0000000,0x00000000a22707f8,0x00000000a3100000)
 Metaspace       used 56890K, capacity 58654K, committed 59160K, reserved 1101824K
  class space    used 7240K, capacity 7686K, committed 7856K, reserved 1048576K
}

