# JRE version: OpenJDK Runtime Environment (8.0_242-b01) (build 1.8.0_242-release-1644-b01)
# Java VM: OpenJDK 64-Bit Server VM (25.242-b01 mixed mode windows-amd64 compressed oops)
Heap:
 PSYoungGen      total 134144K, used 28654K [0x00000000e0000000, 0x00000000edc00000, 0x0000000100000000)
  eden space 125440K, 22% used [0x00000000e0000000,0x00000000e1bfb808,0x00000000e7a80000)
  from space 8704K, 0% used [0x00000000e8780000,0x00000000e8780000,0x00000000e9000000)
  to   space 13312K, 0% used [0x00000000e7a80000,0x00000000e7a80000,0x00000000e8780000)
 ParOldGen       total 42496K, used 16567K [0x00000000a0000000, 0x00000000a2980000, 0x00000000e0000000)
  object space 42496K, 38% used [0x00000000a0000000,0x00000000a102ddd8,0x00000000a2980000)
 Metaspace       used 35209K, capacity 36336K, committed 36520K, reserved 1081344K
  class space    used 4846K, capacity 5188K, committed 5288K, reserved 1048576K
GC Heap History (10 events):
Event: 9.704 GC heap before
{Heap before GC invocations=8 (full 0):
 PSYoungGen      total 71680K, used 11015K [0x00000000e0000000, 0x00000000e9100000, 0x0000000100000000)
  eden space 64512K, 5% used [0x00000000e0000000,0x00000000e03c6860,0x00000000e3f00000)
  from space 7168K, 99% used [0x00000000e3f00000,0x00000000e45fb708,0x00000000e4600000)
  to   space 9728K, 0% used [0x00000000e8780000,0x00000000e8780000,0x00000000e9100000)
 ParOldGen       total 44032K, used 8225K [0x00000000a0000000, 0x00000000a2b00000, 0x00000000e0000000)
  object space 44032K, 18% used [0x00000000a0000000,0x00000000a08085a8,0x00000000a2b00000)
 Metaspace       used 20504K, capacity 21212K, committed 21296K, reserved 1067008K
  class space    used 2876K, capacity 3092K, committed 3120K, reserved 1048576K
Event: 9.709 GC heap after
Heap after GC invocations=8 (full 0):
 PSYoungGen      total 137728K, used 4058K [0x00000000e0000000, 0x00000000e9000000, 0x0000000100000000)
  eden space 129024K, 0% used [0x00000000e0000000,0x00000000e0000000,0x00000000e7e00000)
  from space 8704K, 46% used [0x00000000e8780000,0x00000000e8b769d0,0x00000000e9000000)
  to   space 9216K, 0% used [0x00000000e7e00000,0x00000000e7e00000,0x00000000e8700000)
 ParOldGen       total 44032K, used 8889K [0x00000000a0000000, 0x00000000a2b00000, 0x00000000e0000000)
  object space 44032K, 20% used [0x00000000a0000000,0x00000000a08ae5a8,0x00000000a2b00000)
 Metaspace       used 20504K, capacity 21212K, committed 21296K, reserved 1067008K
  class space    used 2876K, capacity 3092K, committed 3120K, reserved 1048576K
}
Event: 9.709 GC heap before
{Heap before GC invocations=9 (full 1):
 PSYoungGen      total 137728K, used 4058K [0x00000000e0000000, 0x00000000e9000000, 0x0000000100000000)
  eden space 129024K, 0% used [0x00000000e0000000,0x00000000e0000000,0x00000000e7e00000)
  from space 8704K, 46% used [0x00000000e8780000,0x00000000e8b769d0,0x00000000e9000000)
  to   space 9216K, 0% used [0x00000000e7e00000,0x00000000e7e00000,0x00000000e8700000)
 ParOldGen       total 44032K, used 8889K [0x00000000a0000000, 0x00000000a2b00000, 0x00000000e0000000)
  object space 44032K, 20% used [0x00000000a0000000,0x00000000a08ae5a8,0x00000000a2b00000)
 Metaspace       used 20504K, capacity 21212K, committed 21296K, reserved 1067008K
  class space    used 2876K, capacity 3092K, committed 3120K, reserved 1048576K
Event: 9.739 GC heap after
Heap after GC invocations=9 (full 1):
 PSYoungGen      total 137728K, used 0K [0x00000000e0000000, 0x00000000e9000000, 0x0000000100000000)
  eden space 129024K, 0% used [0x00000000e0000000,0x00000000e0000000,0x00000000e7e00000)
  from space 8704K, 0% used [0x00000000e8780000,0x00000000e8780000,0x00000000e9000000)
  to   space 9216K, 0% used [0x00000000e7e00000,0x00000000e7e00000,0x00000000e8700000)
 ParOldGen       total 29696K, used 7866K [0x00000000a0000000, 0x00000000a1d00000, 0x00000000e0000000)
  object space 29696K, 26% used [0x00000000a0000000,0x00000000a07ae928,0x00000000a1d00000)
 Metaspace       used 20504K, capacity 21212K, committed 21296K, reserved 1067008K
  class space    used 2876K, capacity 3092K, committed 3120K, reserved 1048576K
}
Event: 12.712 GC heap before
{Heap before GC invocations=10 (full 1):
 PSYoungGen      total 137728K, used 129024K [0x00000000e0000000, 0x00000000e9000000, 0x0000000100000000)
  eden space 129024K, 100% used [0x00000000e0000000,0x00000000e7e00000,0x00000000e7e00000)
  from space 8704K, 0% used [0x00000000e8780000,0x00000000e8780000,0x00000000e9000000)
  to   space 9216K, 0% used [0x00000000e7e00000,0x00000000e7e00000,0x00000000e8700000)
 ParOldGen       total 29696K, used 7866K [0x00000000a0000000, 0x00000000a1d00000, 0x00000000e0000000)
  object space 29696K, 26% used [0x00000000a0000000,0x00000000a07ae928,0x00000000a1d00000)
 Metaspace       used 31996K, capacity 32844K, committed 33072K, reserved 1077248K
  class space    used 4326K, capacity 4580K, committed 4656K, reserved 1048576K
Event: 12.763 GC heap after
Heap after GC invocations=10 (full 1):
 PSYoungGen      total 138240K, used 9202K [0x00000000e0000000, 0x00000000e9000000, 0x0000000100000000)
  eden space 129024K, 0% used [0x00000000e0000000,0x00000000e0000000,0x00000000e7e00000)
  from space 9216K, 99% used [0x00000000e7e00000,0x00000000e86fc8a0,0x00000000e8700000)
  to   space 8704K, 0% used [0x00000000e8780000,0x00000000e8780000,0x00000000e9000000)
 ParOldGen       total 29696K, used 11266K [0x00000000a0000000, 0x00000000a1d00000, 0x00000000e0000000)
  object space 29696K, 37% used [0x00000000a0000000,0x00000000a0b008f0,0x00000000a1d00000)
 Metaspace       used 31996K, capacity 32844K, committed 33072K, reserved 1077248K
  class space    used 4326K, capacity 4580K, committed 4656K, reserved 1048576K
}
Event: 17.616 GC heap before
{Heap before GC invocations=11 (full 1):
 PSYoungGen      total 138240K, used 58672K [0x00000000e0000000, 0x00000000e9000000, 0x0000000100000000)
  eden space 129024K, 38% used [0x00000000e0000000,0x00000000e304f818,0x00000000e7e00000)
  from space 9216K, 99% used [0x00000000e7e00000,0x00000000e86fc8a0,0x00000000e8700000)
  to   space 8704K, 0% used [0x00000000e8780000,0x00000000e8780000,0x00000000e9000000)
 ParOldGen       total 29696K, used 11266K [0x00000000a0000000, 0x00000000a1d00000, 0x00000000e0000000)
  object space 29696K, 37% used [0x00000000a0000000,0x00000000a0b008f0,0x00000000a1d00000)
 Metaspace       used 34431K, capacity 35412K, committed 35496K, reserved 1079296K
  class space    used 4687K, capacity 4973K, committed 5032K, reserved 1048576K
Event: 17.628 GC heap after
Heap after GC invocations=11 (full 1):
 PSYoungGen      total 134144K, used 8695K [0x00000000e0000000, 0x00000000edc00000, 0x0000000100000000)
  eden space 125440K, 0% used [0x00000000e0000000,0x00000000e0000000,0x00000000e7a80000)
  from space 8704K, 99% used [0x00000000e8780000,0x00000000e8ffdf08,0x00000000e9000000)
  to   space 13312K, 0% used [0x00000000e7a80000,0x00000000e7a80000,0x00000000e8780000)
 ParOldGen       total 29696K, used 12523K [0x00000000a0000000, 0x00000000a1d00000, 0x00000000e0000000)
  object space 29696K, 42% used [0x00000000a0000000,0x00000000a0c3aea0,0x00000000a1d00000)
 Metaspace       used 34431K, capacity 35412K, committed 35496K, reserved 1079296K
  class space    used 4687K, capacity 4973K, committed 5032K, reserved 1048576K
}
Event: 17.628 GC heap before
{Heap before GC invocations=12 (full 2):
 PSYoungGen      total 134144K, used 8695K [0x00000000e0000000, 0x00000000edc00000, 0x0000000100000000)
  eden space 125440K, 0% used [0x00000000e0000000,0x00000000e0000000,0x00000000e7a80000)
  from space 8704K, 99% used [0x00000000e8780000,0x00000000e8ffdf08,0x00000000e9000000)
  to   space 13312K, 0% used [0x00000000e7a80000,0x00000000e7a80000,0x00000000e8780000)
 ParOldGen       total 29696K, used 12523K [0x00000000a0000000, 0x00000000a1d00000, 0x00000000e0000000)
  object space 29696K, 42% used [0x00000000a0000000,0x00000000a0c3aea0,0x00000000a1d00000)
 Metaspace       used 34431K, capacity 35412K, committed 35496K, reserved 1079296K
  class space    used 4687K, capacity 4973K, committed 5032K, reserved 1048576K
Event: 17.703 GC heap after
Heap after GC invocations=12 (full 2):
 PSYoungGen      total 134144K, used 0K [0x00000000e0000000, 0x00000000edc00000, 0x0000000100000000)
  eden space 125440K, 0% used [0x00000000e0000000,0x00000000e0000000,0x00000000e7a80000)
  from space 8704K, 0% used [0x00000000e8780000,0x00000000e8780000,0x00000000e9000000)
  to   space 13312K, 0% used [0x00000000e7a80000,0x00000000e7a80000,0x00000000e8780000)
 ParOldGen       total 42496K, used 16567K [0x00000000a0000000, 0x00000000a2980000, 0x00000000e0000000)
  object space 42496K, 38% used [0x00000000a0000000,0x00000000a102ddd8,0x00000000a2980000)
 Metaspace       used 34431K, capacity 35412K, committed 35496K, reserved 1079296K
  class space    used 4687K, capacity 4973K, committed 5032K, reserved 1048576K
}

